<?xml version="1.0" encoding="UTF-8"?>
<testsuite name="ch.unisg.ics.interactions.hmas.core.io.ResourceProfileGraphWriterTest" tests="8" skipped="0" failures="0" errors="0" timestamp="2022-10-23T10:16:49" hostname="LAPTOP-6RU7E3GE" time="0.108">
  <properties/>
  <testcase name="testWriteResourceProfileOfAgentIRI()" classname="ch.unisg.ics.interactions.hmas.core.io.ResourceProfileGraphWriterTest" time="0.063"/>
  <testcase name="testWriteResourceProfileOfHMASPlatform()" classname="ch.unisg.ics.interactions.hmas.core.io.ResourceProfileGraphWriterTest" time="0.016"/>
  <testcase name="testWriteResourceProfileWithSignifier()" classname="ch.unisg.ics.interactions.hmas.core.io.ResourceProfileGraphWriterTest" time="0.005"/>
  <testcase name="testWriteResourceProfileWithSignifiersWithIRI()" classname="ch.unisg.ics.interactions.hmas.core.io.ResourceProfileGraphWriterTest" time="0.004"/>
  <testcase name="testWriteResourceProfileOfArtifact()" classname="ch.unisg.ics.interactions.hmas.core.io.ResourceProfileGraphWriterTest" time="0.003"/>
  <testcase name="testWriteResourceProfileOfWorkspace()" classname="ch.unisg.ics.interactions.hmas.core.io.ResourceProfileGraphWriterTest" time="0.006"/>
  <testcase name="testWriteResourceProfileOfAgentBlankNode()" classname="ch.unisg.ics.interactions.hmas.core.io.ResourceProfileGraphWriterTest" time="0.003"/>
  <testcase name="testWriteResourceProfileNested()" classname="ch.unisg.ics.interactions.hmas.core.io.ResourceProfileGraphWriterTest" time="0.005"/>
  <system-out><![CDATA[]]></system-out>
  <system-err><![CDATA[Oct 23, 2022 12:16:49 PM ch.unisg.ics.interactions.hmas.core.io.ResourceProfileGraphWriterTest assertIsomorphicGraphs
INFO: Expected:
@prefix hmas: <https://purl.org/hmas/core#>.
<urn:profile> a hmas:ResourceProfile ;
 hmas:isProfileOf <urn:agent> .
<urn:agent> a hmas:Agent .
Oct 23, 2022 12:16:49 PM ch.unisg.ics.interactions.hmas.core.io.ResourceProfileGraphWriterTest assertIsomorphicGraphs
INFO: Actual:
@prefix hmas: <https://purl.org/hmas/core#> .

<urn:profile> a hmas:ResourceProfile;
  hmas:isProfileOf <urn:agent> .

<urn:agent> a hmas:Agent .

Oct 23, 2022 12:16:49 PM ch.unisg.ics.interactions.hmas.core.io.ResourceProfileGraphWriterTest assertIsomorphicGraphs
INFO: Expected:
@prefix hmas: <https://purl.org/hmas/core#>.
<urn:profile> a hmas:ResourceProfile ;
 hmas:isProfileOf <urn:platform> ;
 hmas:isHostedOn [ a hmas:HypermediaMASPlatform ] .
<urn:platform> a hmas:HypermediaMASPlatform ;
 hmas:isHostedOn [ a hmas:HypermediaMASPlatform ] ;
 hmas:hosts [ a hmas:Agent ] .

Oct 23, 2022 12:16:49 PM ch.unisg.ics.interactions.hmas.core.io.ResourceProfileGraphWriterTest assertIsomorphicGraphs
INFO: Actual:
@prefix hmas: <https://purl.org/hmas/core#> .

<urn:profile> a hmas:ResourceProfile;
  hmas:isProfileOf <urn:platform>;
  hmas:isHostedOn [ a hmas:HypermediaMASPlatform
    ] .

<urn:platform> a hmas:HypermediaMASPlatform;
  hmas:hosts [ a hmas:Agent
    ];
  hmas:isHostedOn [ a hmas:HypermediaMASPlatform
    ] .

Oct 23, 2022 12:16:49 PM ch.unisg.ics.interactions.hmas.core.io.ResourceProfileGraphWriterTest assertIsomorphicGraphs
INFO: Expected:
@prefix hmas: <https://purl.org/hmas/core#>.
<urn:profile> a hmas:ResourceProfile ;
 hmas:isProfileOf [ a hmas:Artifact ];
 hmas:exposesSignifier [ a hmas:Signifier ].
Oct 23, 2022 12:16:49 PM ch.unisg.ics.interactions.hmas.core.io.ResourceProfileGraphWriterTest assertIsomorphicGraphs
INFO: Actual:
@prefix hmas: <https://purl.org/hmas/core#> .

<urn:profile> a hmas:ResourceProfile;
  hmas:isProfileOf [ a hmas:Artifact
    ];
  hmas:exposesSignifier [ a hmas:Signifier
    ] .

Oct 23, 2022 12:16:49 PM ch.unisg.ics.interactions.hmas.core.io.ResourceProfileGraphWriterTest assertIsomorphicGraphs
INFO: Expected:
@prefix hmas: <https://purl.org/hmas/core#>.
<urn:profile> a hmas:ResourceProfile ;
 hmas:isProfileOf [ a hmas:Artifact ];
 hmas:exposesSignifier <urn:signifier-1>, <urn:signifier-2>.
<urn:signifier-1> a hmas:Signifier .
<urn:signifier-2> a hmas:Signifier .
Oct 23, 2022 12:16:49 PM ch.unisg.ics.interactions.hmas.core.io.ResourceProfileGraphWriterTest assertIsomorphicGraphs
INFO: Actual:
@prefix hmas: <https://purl.org/hmas/core#> .

<urn:profile> a hmas:ResourceProfile;
  hmas:isProfileOf [ a hmas:Artifact
    ];
  hmas:exposesSignifier <urn:signifier-2>, <urn:signifier-1> .

<urn:signifier-2> a hmas:Signifier .

<urn:signifier-1> a hmas:Signifier .

Oct 23, 2022 12:16:49 PM ch.unisg.ics.interactions.hmas.core.io.ResourceProfileGraphWriterTest assertIsomorphicGraphs
INFO: Expected:
@prefix hmas: <https://purl.org/hmas/core#>.
<urn:profile> a hmas:ResourceProfile ;
 hmas:isProfileOf [ a hmas:Artifact ] .
Oct 23, 2022 12:16:49 PM ch.unisg.ics.interactions.hmas.core.io.ResourceProfileGraphWriterTest assertIsomorphicGraphs
INFO: Actual:
@prefix hmas: <https://purl.org/hmas/core#> .

<urn:profile> a hmas:ResourceProfile;
  hmas:isProfileOf [ a hmas:Artifact
    ] .

Oct 23, 2022 12:16:49 PM ch.unisg.ics.interactions.hmas.core.io.ResourceProfileGraphWriterTest assertIsomorphicGraphs
INFO: Expected:
@prefix hmas: <https://purl.org/hmas/core#>.
<urn:profile> a hmas:ResourceProfile ;
 hmas:isProfileOf <urn:workspace> .
<urn:workspace> a hmas:Workspace ;
 hmas:contains [ a hmas:Agent ],
  [ a hmas:Workspace ;
  hmas:contains [ a hmas:HypermediaMASPlatform ;
   hmas:hosts [ a hmas:Artifact ]
   ]
  ] .
Oct 23, 2022 12:16:49 PM ch.unisg.ics.interactions.hmas.core.io.ResourceProfileGraphWriterTest assertIsomorphicGraphs
INFO: Actual:
@prefix hmas: <https://purl.org/hmas/core#> .

<urn:profile> a hmas:ResourceProfile;
  hmas:isProfileOf <urn:workspace> .

<urn:workspace> a hmas:Workspace;
  hmas:contains [ a hmas:Agent
    ], [ a hmas:Workspace;
      hmas:contains [ a hmas:HypermediaMASPlatform;
          hmas:hosts [ a hmas:Artifact
            ]
        ]
    ] .

Oct 23, 2022 12:16:49 PM ch.unisg.ics.interactions.hmas.core.io.ResourceProfileGraphWriterTest assertIsomorphicGraphs
INFO: Expected:
@prefix hmas: <https://purl.org/hmas/core#>.
<urn:profile> a hmas:ResourceProfile ;
 hmas:isProfileOf [ a hmas:Agent ] .
Oct 23, 2022 12:16:49 PM ch.unisg.ics.interactions.hmas.core.io.ResourceProfileGraphWriterTest assertIsomorphicGraphs
INFO: Actual:
@prefix hmas: <https://purl.org/hmas/core#> .

<urn:profile> a hmas:ResourceProfile;
  hmas:isProfileOf [ a hmas:Agent
    ] .

Oct 23, 2022 12:16:49 PM ch.unisg.ics.interactions.hmas.core.io.ResourceProfileGraphWriterTest assertIsomorphicGraphs
INFO: Expected:
@prefix hmas: <https://purl.org/hmas/core#>.
<urn:profile> a hmas:ResourceProfile ;
 hmas:isProfileOf <urn:platform> ;
 hmas:isHostedOn <urn:super-platform> .
<urn:platform> a hmas:HypermediaMASPlatform ;
 hmas:isHostedOn <urn:super-platform> ;
 hmas:hosts [ a hmas:Agent ] .
<urn:super-platform> a hmas:HypermediaMASPlatform .
Oct 23, 2022 12:16:49 PM ch.unisg.ics.interactions.hmas.core.io.ResourceProfileGraphWriterTest assertIsomorphicGraphs
INFO: Actual:
@prefix hmas: <https://purl.org/hmas/core#> .

<urn:profile> a hmas:ResourceProfile;
  hmas:isProfileOf <urn:platform>;
  hmas:isHostedOn <urn:super-platform> .

<urn:platform> a hmas:HypermediaMASPlatform;
  hmas:hosts [ a hmas:Agent
    ];
  hmas:isHostedOn <urn:super-platform> .

<urn:super-platform> a hmas:HypermediaMASPlatform .

]]></system-err>
</testsuite>
