<?xml version="1.0" encoding="UTF-8"?>
<testsuite name="ch.unisg.ics.interactions.hmas.core.hostables.HostableTest" tests="4" skipped="0" failures="0" errors="0" timestamp="2022-10-23T10:16:49" hostname="LAPTOP-6RU7E3GE" time="0.004">
  <properties/>
  <testcase name="testHostableSetIRIAsString()" classname="ch.unisg.ics.interactions.hmas.core.hostables.HostableTest" time="0.001"/>
  <testcase name="testHostableAddHMASPlatforms()" classname="ch.unisg.ics.interactions.hmas.core.hostables.HostableTest" time="0.001"/>
  <testcase name="testHostableInvalidIRI()" classname="ch.unisg.ics.interactions.hmas.core.hostables.HostableTest" time="0.001"/>
  <testcase name="testHostableSetIRI()" classname="ch.unisg.ics.interactions.hmas.core.hostables.HostableTest" time="0.0"/>
  <system-out><![CDATA[]]></system-out>
  <system-err><![CDATA[]]></system-err>
</testsuite>
