<?xml version="1.0" encoding="UTF-8"?>
<testsuite name="ch.unisg.ics.interactions.hmas.core.hostables.SignifierTest" tests="2" skipped="0" failures="0" errors="0" timestamp="2022-10-23T10:16:49" hostname="LAPTOP-6RU7E3GE" time="0.001">
  <properties/>
  <testcase name="testSignifier()" classname="ch.unisg.ics.interactions.hmas.core.hostables.SignifierTest" time="0.001"/>
  <testcase name="testSignifierDefault()" classname="ch.unisg.ics.interactions.hmas.core.hostables.SignifierTest" time="0.0"/>
  <system-out><![CDATA[]]></system-out>
  <system-err><![CDATA[]]></system-err>
</testsuite>
